# JRE version: Java(TM) SE Runtime Environment (8.0_91-b14) (build 1.8.0_91-b14)
# Java VM: Java HotSpot(TM) 64-Bit Server VM (25.91-b14 mixed mode linux-amd64 compressed oops)
Heap:
 PSYoungGen      total 260096K, used 107436K [0x00000000eab00000, 0x00000000fbf00000, 0x0000000100000000)
  eden space 241664K, 37% used [0x00000000eab00000,0x00000000f03e32a0,0x00000000f9700000)
  from space 18432K, 89% used [0x00000000faa80000,0x00000000fba88000,0x00000000fbc80000)
  to   space 19968K, 0% used [0x00000000f9700000,0x00000000f9700000,0x00000000faa80000)
 ParOldGen       total 115712K, used 29917K [0x00000000c0000000, 0x00000000c7100000, 0x00000000eab00000)
  object space 115712K, 25% used [0x00000000c0000000,0x00000000c1d37780,0x00000000c7100000)
 Metaspace       used 44401K, capacity 46410K, committed 46592K, reserved 1089536K
  class space    used 5978K, capacity 6616K, committed 6656K, reserved 1048576K
GC Heap History (10 events):
Event: 5,083 GC heap before
{Heap before GC invocations=10 (full 1):
 PSYoungGen      total 171008K, used 167519K [0x00000000eab00000, 0x00000000f6200000, 0x0000000100000000)
  eden space 157184K, 100% used [0x00000000eab00000,0x00000000f4480000,0x00000000f4480000)
  from space 13824K, 74% used [0x00000000f5200000,0x00000000f5c17c80,0x00000000f5f80000)
  to   space 13824K, 0% used [0x00000000f4480000,0x00000000f4480000,0x00000000f5200000)
 ParOldGen       total 72192K, used 20716K [0x00000000c0000000, 0x00000000c4680000, 0x00000000eab00000)
  object space 72192K, 28% used [0x00000000c0000000,0x00000000c143b078,0x00000000c4680000)
 Metaspace       used 32499K, capacity 33224K, committed 33408K, reserved 1077248K
  class space    used 4401K, capacity 4665K, committed 4736K, reserved 1048576K
Event: 5,096 GC heap after
Heap after GC invocations=10 (full 1):
 PSYoungGen      total 171008K, used 10524K [0x00000000eab00000, 0x00000000f8400000, 0x0000000100000000)
  eden space 157184K, 0% used [0x00000000eab00000,0x00000000eab00000,0x00000000f4480000)
  from space 13824K, 76% used [0x00000000f4480000,0x00000000f4ec7180,0x00000000f5200000)
  to   space 13824K, 0% used [0x00000000f7680000,0x00000000f7680000,0x00000000f8400000)
 ParOldGen       total 72192K, used 20716K [0x00000000c0000000, 0x00000000c4680000, 0x00000000eab00000)
  object space 72192K, 28% used [0x00000000c0000000,0x00000000c143b078,0x00000000c4680000)
 Metaspace       used 32499K, capacity 33224K, committed 33408K, reserved 1077248K
  class space    used 4401K, capacity 4665K, committed 4736K, reserved 1048576K
}
Event: 5,553 GC heap before
{Heap before GC invocations=11 (full 1):
 PSYoungGen      total 171008K, used 158255K [0x00000000eab00000, 0x00000000f8400000, 0x0000000100000000)
  eden space 157184K, 93% used [0x00000000eab00000,0x00000000f3b44c88,0x00000000f4480000)
  from space 13824K, 76% used [0x00000000f4480000,0x00000000f4ec7180,0x00000000f5200000)
  to   space 13824K, 0% used [0x00000000f7680000,0x00000000f7680000,0x00000000f8400000)
 ParOldGen       total 72192K, used 20716K [0x00000000c0000000, 0x00000000c4680000, 0x00000000eab00000)
  object space 72192K, 28% used [0x00000000c0000000,0x00000000c143b078,0x00000000c4680000)
 Metaspace       used 34246K, capacity 35240K, committed 35416K, reserved 1079296K
  class space    used 4648K, capacity 5000K, committed 5120K, reserved 1048576K
Event: 5,577 GC heap after
Heap after GC invocations=11 (full 1):
 PSYoungGen      total 206336K, used 13812K [0x00000000eab00000, 0x00000000f8b80000, 0x0000000100000000)
  eden space 192512K, 0% used [0x00000000eab00000,0x00000000eab00000,0x00000000f6700000)
  from space 13824K, 99% used [0x00000000f7680000,0x00000000f83fd130,0x00000000f8400000)
  to   space 15872K, 0% used [0x00000000f6700000,0x00000000f6700000,0x00000000f7680000)
 ParOldGen       total 72192K, used 22412K [0x00000000c0000000, 0x00000000c4680000, 0x00000000eab00000)
  object space 72192K, 31% used [0x00000000c0000000,0x00000000c15e3238,0x00000000c4680000)
 Metaspace       used 34246K, capacity 35240K, committed 35416K, reserved 1079296K
  class space    used 4648K, capacity 5000K, committed 5120K, reserved 1048576K
}
Event: 5,577 GC heap before
{Heap before GC invocations=12 (full 2):
 PSYoungGen      total 206336K, used 13812K [0x00000000eab00000, 0x00000000f8b80000, 0x0000000100000000)
  eden space 192512K, 0% used [0x00000000eab00000,0x00000000eab00000,0x00000000f6700000)
  from space 13824K, 99% used [0x00000000f7680000,0x00000000f83fd130,0x00000000f8400000)
  to   space 15872K, 0% used [0x00000000f6700000,0x00000000f6700000,0x00000000f7680000)
 ParOldGen       total 72192K, used 22412K [0x00000000c0000000, 0x00000000c4680000, 0x00000000eab00000)
  object space 72192K, 31% used [0x00000000c0000000,0x00000000c15e3238,0x00000000c4680000)
 Metaspace       used 34246K, capacity 35240K, committed 35416K, reserved 1079296K
  class space    used 4648K, capacity 5000K, committed 5120K, reserved 1048576K
Event: 5,696 GC heap after
Heap after GC invocations=12 (full 2):
 PSYoungGen      total 206336K, used 0K [0x00000000eab00000, 0x00000000f8b80000, 0x0000000100000000)
  eden space 192512K, 0% used [0x00000000eab00000,0x00000000eab00000,0x00000000f6700000)
  from space 13824K, 0% used [0x00000000f7680000,0x00000000f7680000,0x00000000f8400000)
  to   space 15872K, 0% used [0x00000000f6700000,0x00000000f6700000,0x00000000f7680000)
 ParOldGen       total 115712K, used 27732K [0x00000000c0000000, 0x00000000c7100000, 0x00000000eab00000)
  object space 115712K, 23% used [0x00000000c0000000,0x00000000c1b151e8,0x00000000c7100000)
 Metaspace       used 34129K, capacity 34960K, committed 35416K, reserved 1079296K
  class space    used 4622K, capacity 4932K, committed 5120K, reserved 1048576K
}
Event: 7,414 GC heap before
{Heap before GC invocations=13 (full 2):
 PSYoungGen      total 206336K, used 192512K [0x00000000eab00000, 0x00000000f8b80000, 0x0000000100000000)
  eden space 192512K, 100% used [0x00000000eab00000,0x00000000f6700000,0x00000000f6700000)
  from space 13824K, 0% used [0x00000000f7680000,0x00000000f7680000,0x00000000f8400000)
  to   space 15872K, 0% used [0x00000000f6700000,0x00000000f6700000,0x00000000f7680000)
 ParOldGen       total 115712K, used 27732K [0x00000000c0000000, 0x00000000c7100000, 0x00000000eab00000)
  object space 115712K, 23% used [0x00000000c0000000,0x00000000c1b151e8,0x00000000c7100000)
 Metaspace       used 39242K, capacity 40730K, committed 40960K, reserved 1085440K
  class space    used 5340K, capacity 5848K, committed 5888K, reserved 1048576K
Event: 7,440 GC heap after
Heap after GC invocations=13 (full 2):
 PSYoungGen      total 208384K, used 15852K [0x00000000eab00000, 0x00000000fbc80000, 0x0000000100000000)
  eden space 192512K, 0% used [0x00000000eab00000,0x00000000eab00000,0x00000000f6700000)
  from space 15872K, 99% used [0x00000000f6700000,0x00000000f767b360,0x00000000f7680000)
  to   space 18432K, 0% used [0x00000000faa80000,0x00000000faa80000,0x00000000fbc80000)
 ParOldGen       total 115712K, used 29909K [0x00000000c0000000, 0x00000000c7100000, 0x00000000eab00000)
  object space 115712K, 25% used [0x00000000c0000000,0x00000000c1d35780,0x00000000c7100000)
 Metaspace       used 39242K, capacity 40730K, committed 40960K, reserved 1085440K
  class space    used 5340K, capacity 5848K, committed 5888K, reserved 1048576K
}
Event: 8,417 GC heap before
{Heap before GC invocations=14 (full 2):
 PSYoungGen      total 208384K, used 208364K [0x00000000eab00000, 0x00000000fbc80000, 0x0000000100000000)
  eden space 192512K, 100% used [0x00000000eab00000,0x00000000f6700000,0x00000000f6700000)
  from space 15872K, 99% used [0x00000000f6700000,0x00000000f767b360,0x00000000f7680000)
  to   space 18432K, 0% used [0x00000000faa80000,0x00000000faa80000,0x00000000fbc80000)
 ParOldGen       total 115712K, used 29909K [0x00000000c0000000, 0x00000000c7100000, 0x00000000eab00000)
  object space 115712K, 25% used [0x00000000c0000000,0x00000000c1d35780,0x00000000c7100000)
 Metaspace       used 39996K, capacity 41840K, committed 42112K, reserved 1085440K
  class space    used 5393K, capacity 5937K, committed 6016K, reserved 1048576K
Event: 8,443 GC heap after
Heap after GC invocations=14 (full 2):
 PSYoungGen      total 260096K, used 16416K [0x00000000eab00000, 0x00000000fbf00000, 0x0000000100000000)
  eden space 241664K, 0% used [0x00000000eab00000,0x00000000eab00000,0x00000000f9700000)
  from space 18432K, 89% used [0x00000000faa80000,0x00000000fba88000,0x00000000fbc80000)
  to   space 19968K, 0% used [0x00000000f9700000,0x00000000f9700000,0x00000000faa80000)
 ParOldGen       total 115712K, used 29917K [0x00000000c0000000, 0x00000000c7100000, 0x00000000eab00000)
  object space 115712K, 25% used [0x00000000c0000000,0x00000000c1d37780,0x00000000c7100000)
 Metaspace       used 39996K, capacity 41840K, committed 42112K, reserved 1085440K
  class space    used 5393K, capacity 5937K, committed 6016K, reserved 1048576K
}

